[debug] [2020-02-14T11:50:25.205Z] ----------------------------------------------------------------------
[debug] [2020-02-14T11:50:25.207Z] Command:       C:\Program Files\nodejs\node.exe C:\Users\Lab\AppData\Roaming\npm\node_modules\firebase-tools\lib\bin\firebase.js init
[debug] [2020-02-14T11:50:25.207Z] CLI Version:   7.13.0
[debug] [2020-02-14T11:50:25.207Z] Platform:      win32
[debug] [2020-02-14T11:50:25.207Z] Node Version:  v10.17.0
[debug] [2020-02-14T11:50:25.208Z] Time:          Fri Feb 14 2020 17:20:25 GMT+0530 (India Standard Time)
[debug] [2020-02-14T11:50:25.208Z] ----------------------------------------------------------------------
[debug] [2020-02-14T11:50:25.208Z] 
[debug] [2020-02-14T11:50:25.213Z] > command requires scopes: ["email","openid","https://www.googleapis.com/auth/cloudplatformprojects.readonly","https://www.googleapis.com/auth/firebase","https://www.googleapis.com/auth/cloud-platform"]
[debug] [2020-02-14T11:50:25.213Z] > authorizing via signed-in user
[info] 
     ######## #### ########  ######## ########     ###     ######  ########
     ##        ##  ##     ## ##       ##     ##  ##   ##  ##       ##
     ######    ##  ########  ######   ########  #########  ######  ######
     ##        ##  ##    ##  ##       ##     ## ##     ##       ## ##
     ##       #### ##     ## ######## ########  ##     ##  ######  ########

You're about to initialize a Firebase project in this directory:

  C:\Users\Lab\Desktop\New folder (2)\MyPortfolio

[info] 
=== Project Setup
[info] 
[info] First, let's associate this project directory with a Firebase project.
[info] You can create multiple project aliases by running firebase use --add, 
[info] but for now we'll just set up a default project.
[info] 
[info] i  If you want to create a project in a Google Cloud organization or folder, please use "firebase projects:create" instead, and return to this command when you've created the project.
